<?xml version="1.0" encoding="UTF-8"?>
<testsuite xmlns:xsi="http://www.w3.org/2001/XMLSchema-instance" xsi:noNamespaceSchemaLocation="https://maven.apache.org/surefire/maven-surefire-plugin/xsd/surefire-test-report-3.0.xsd" version="3.0" name="conduitApp.ConduitTest" time="7.414" tests="1" errors="0" skipped="0" failures="0">
  <properties>
[...]
</properties>
  <testcase name="testParallel" classname="conduitApp.ConduitTest" time="7.384">
    <system-out><![CDATA[15:26:56.097 [main] INFO  com.intuit.karate.Runner - using system property 'karate.options': --tags @SignUpAPI
15:26:57.325 [main] DEBUG com.intuit.karate.Suite - [config] classpath:karate-config.js
15:26:57.330 [main] INFO  com.intuit.karate.Suite - backed up existing 'target\karate-reports' dir to: target\karate-reports_1711274217326
15:26:59.329 [main] INFO  com.intuit.karate - karate.env system property was: null 
15:26:59.343 [main] INFO  com.intuit.karate - >> lock acquired, begin callSingle: classpath:helpers/CreateToken.feature
15:27:00.047 [main] DEBUG com.intuit.karate - request:
1 > POST https://conduit-api.bondaracademy.com/api/users/login
1 > Content-Type: application/json; charset=UTF-8
1 > Content-Length: 59
1 > Host: conduit-api.bondaracademy.com
1 > Connection: Keep-Alive
1 > User-Agent: Apache-HttpClient/4.5.14 (Java/11.0.22)
1 > Accept-Encoding: gzip,deflate
{"user":{"email":"afaraaz@gmail.com","password":"test123"}}

15:27:00.761 [main] DEBUG com.intuit.karate - response time in milliseconds: 705
1 < 200
1 < x-powered-by: Express
1 < access-control-allow-origin: https://conduit.bondaracademy.com
1 < vary: Origin
1 < content-type: application/json; charset=utf-8
1 < etag: W/"125-SIqREUkeGkp92Sy5ygrJxN6SRvw"
1 < X-Cloud-Trace-Context: 3a4b91d62fb7523e08a029e2976051ac;o=1
1 < Date: Sun, 24 Mar 2024 09:57:00 GMT
1 < Server: Google Frontend
1 < Content-Length: 293
{"user":{"email":"afaraaz@gmail.com","username":"afaraaz","bio":null,"image":"https://api.realworld.io/images/smiley-cyrus.jpeg","token":"eyJhbGciOiJIUzI1NiIsInR5cCI6IkpXVCJ9.eyJ1c2VyIjp7ImlkIjo2Nzl9LCJpYXQiOjE3MTEyNzQyMjAsImV4cCI6MTcxNjQ1ODIyMH0.4iwy0l6kkEmeSvF9v-5iPAZfykbIGLu9VyuEbGrJPRE"}}

15:27:00.774 [main] INFO  com.intuit.karate - << lock released, cached callSingle: classpath:helpers/CreateToken.feature
15:27:01.017 [main] DEBUG com.intuit.karate - request:
1 > POST https://conduit-api.bondaracademy.com/api/users
1 > Authorization: Token eyJhbGciOiJIUzI1NiIsInR5cCI6IkpXVCJ9.eyJ1c2VyIjp7ImlkIjo2Nzl9LCJpYXQiOjE3MTEyNzQyMjAsImV4cCI6MTcxNjQ1ODIyMH0.4iwy0l6kkEmeSvF9v-5iPAZfykbIGLu9VyuEbGrJPRE
1 > Content-Type: application/json; charset=UTF-8
1 > Content-Length: 87
1 > Host: conduit-api.bondaracademy.com
1 > Connection: Keep-Alive
1 > User-Agent: Apache-HttpClient/4.5.14 (Java/11.0.22)
1 > Accept-Encoding: gzip,deflate
{"user":{"email":"salvatore90@test.com","password":"test123","username":"burt.parker"}}

15:27:01.547 [main] DEBUG com.intuit.karate - response time in milliseconds: 529
1 < 201
1 < x-powered-by: Express
1 < access-control-allow-origin: https://conduit.bondaracademy.com
1 < vary: Origin
1 < content-type: application/json; charset=utf-8
1 < etag: W/"137-rBAmN/ILUnK5K7oghyrZTAcg14g"
1 < X-Cloud-Trace-Context: 868bd6442501d13389227a852ba4bc77
1 < Date: Sun, 24 Mar 2024 09:57:01 GMT
1 < Server: Google Frontend
1 < Content-Length: 311
{"user":{"id":1545,"email":"salvatore90@test.com","username":"burt.parker","bio":null,"image":"https://api.realworld.io/images/smiley-cyrus.jpeg","token":"eyJhbGciOiJIUzI1NiIsInR5cCI6IkpXVCJ9.eyJ1c2VyIjp7ImlkIjoxNTQ1fSwiaWF0IjoxNzExMjc0MjIxLCJleHAiOjE3MTY0NTgyMjF9.vOR-CQaN7HpR6LIHWeQOhl96HRQ2CEK5dd78LXPEQCc"}}

---------------------------------------------------------
feature: classpath:conduitApp/feature/EmbedandMultiline.feature
scenarios:  1 | passed:  1 | failed:  0 | time: 0.8039
---------------------------------------------------------

15:27:02.547 [main] INFO  com.intuit.karate.Suite - <<pass>> feature 2 of 5 (0 remaining) classpath:conduitApp/feature/EmbedandMultiline.feature
15:27:02.567 [main] DEBUG com.intuit.karate.Suite - waiting for 5 features to complete
Karate version: 1.4.1
======================================================
elapsed:   6.49 | threads:    1 | thread time: 0.80 
features:     1 | skipped:    4 | efficiency: 0.12
scenarios:    1 | passed:     1 | failed: 0
======================================================

HTML report: (paste into browser to view) | Karate version: 1.4.1
file:///C:/BackEnd-Karate%20Project/KarateBK_EndProject/target/karate-reports/karate-summary.html
===================================================================

]]></system-out>
  </testcase>
</testsuite>