<?xml version="1.0" encoding="UTF-8"?>
<testsuite xmlns:xsi="http://www.w3.org/2001/XMLSchema-instance" xsi:noNamespaceSchemaLocation="https://maven.apache.org/surefire/maven-surefire-plugin/xsd/surefire-test-report-3.0.xsd" version="3.0" name="conduitApp.ConduitTest" time="7.568" tests="1" errors="0" skipped="0" failures="0">
  <properties>
[...]
</properties>
  <testcase name="testParallel" classname="conduitApp.ConduitTest" time="7.536">
    <system-out><![CDATA[16:34:40.733 [main] INFO  com.intuit.karate.Runner - using system property 'karate.options': --tags  @invalidSignUp
16:34:41.885 [main] DEBUG com.intuit.karate.Suite - [config] classpath:karate-config.js
16:34:41.897 [main] INFO  com.intuit.karate.Suite - backed up existing 'target\karate-reports' dir to: target\karate-reports_1711278281889
16:34:43.247 [main] INFO  com.intuit.karate - karate.env system property was: null 
16:34:43.247 [main] INFO  com.intuit.karate - >> lock acquired, begin callSingle: classpath:helpers/CreateToken.feature
16:34:43.902 [main] DEBUG com.intuit.karate - request:
1 > POST https://conduit-api.bondaracademy.com/api/users/login
1 > Content-Type: application/json; charset=UTF-8
1 > Content-Length: 59
1 > Host: conduit-api.bondaracademy.com
1 > Connection: Keep-Alive
1 > User-Agent: Apache-HttpClient/4.5.14 (Java/11.0.22)
1 > Accept-Encoding: gzip,deflate
{"user":{"email":"afaraaz@gmail.com","password":"test123"}}

16:34:44.528 [main] DEBUG com.intuit.karate - response time in milliseconds: 626
1 < 200
1 < x-powered-by: Express
1 < access-control-allow-origin: https://conduit.bondaracademy.com
1 < vary: Origin
1 < content-type: application/json; charset=utf-8
1 < etag: W/"125-GXWFDAqwS+7wEsvTxJ6b9ioZSX8"
1 < X-Cloud-Trace-Context: e3cf2944147478ed2d3df09d7594f4ce
1 < Date: Sun, 24 Mar 2024 11:04:44 GMT
1 < Server: Google Frontend
1 < Content-Length: 293
{"user":{"email":"afaraaz@gmail.com","username":"afaraaz","bio":null,"image":"https://api.realworld.io/images/smiley-cyrus.jpeg","token":"eyJhbGciOiJIUzI1NiIsInR5cCI6IkpXVCJ9.eyJ1c2VyIjp7ImlkIjo2Nzl9LCJpYXQiOjE3MTEyNzgyODQsImV4cCI6MTcxNjQ2MjI4NH0.53DWPI0jTgxi7TA5AID3TRaxQRVQc9iQdwz-vd8tEMg"}}

16:34:44.544 [main] INFO  com.intuit.karate - << lock released, cached callSingle: classpath:helpers/CreateToken.feature
16:34:44.800 [main] DEBUG com.intuit.karate - request:
1 > POST https://conduit-api.bondaracademy.com/api/users
1 > Authorization: Token eyJhbGciOiJIUzI1NiIsInR5cCI6IkpXVCJ9.eyJ1c2VyIjp7ImlkIjo2Nzl9LCJpYXQiOjE3MTEyNzgyODQsImV4cCI6MTcxNjQ2MjI4NH0.53DWPI0jTgxi7TA5AID3TRaxQRVQc9iQdwz-vd8tEMg
1 > Content-Type: application/json; charset=UTF-8
1 > Content-Length: 78
1 > Host: conduit-api.bondaracademy.com
1 > Connection: Keep-Alive
1 > User-Agent: Apache-HttpClient/4.5.14 (Java/11.0.22)
1 > Accept-Encoding: gzip,deflate
{"user":{"email":"torrie64@test.com","password":"test123","username":"ahfar"}}

16:34:45.126 [main] DEBUG com.intuit.karate - response time in milliseconds: 326
1 < 422
1 < x-powered-by: Express
1 < access-control-allow-origin: https://conduit.bondaracademy.com
1 < vary: Origin
1 < content-type: application/json; charset=utf-8
1 < etag: W/"32-JsHJTKwNHW5NSVjFTl5ds7a++54"
1 < X-Cloud-Trace-Context: 64e0f7a129fbd70e14a6f82c0cc13d9e
1 < Date: Sun, 24 Mar 2024 11:04:44 GMT
1 < Server: Google Frontend
1 < Content-Length: 50
{"errors":{"username":["has already been taken"]}}

16:34:45.200 [main] INFO  com.intuit.karate - karate.env system property was: null 
16:34:45.255 [main] DEBUG com.intuit.karate - request:
1 > POST https://conduit-api.bondaracademy.com/api/users
1 > Authorization: Token eyJhbGciOiJIUzI1NiIsInR5cCI6IkpXVCJ9.eyJ1c2VyIjp7ImlkIjo2Nzl9LCJpYXQiOjE3MTEyNzgyODQsImV4cCI6MTcxNjQ2MjI4NH0.53DWPI0jTgxi7TA5AID3TRaxQRVQc9iQdwz-vd8tEMg
1 > Content-Type: application/json; charset=UTF-8
1 > Content-Length: 85
1 > Host: conduit-api.bondaracademy.com
1 > Connection: Keep-Alive
1 > User-Agent: Apache-HttpClient/4.5.14 (Java/11.0.22)
1 > Accept-Encoding: gzip,deflate
{"user":{"email":"ahfar@test.com","password":"test123","username":"alpha.armstrong"}}

16:34:45.657 [main] DEBUG com.intuit.karate - response time in milliseconds: 402
1 < 422
1 < x-powered-by: Express
1 < access-control-allow-origin: https://conduit.bondaracademy.com
1 < vary: Origin
1 < content-type: application/json; charset=utf-8
1 < etag: W/"2f-BJEnYqgmLwV4NGkXB9OccFtans4"
1 < X-Cloud-Trace-Context: c71560d7a40f5c07a3da0eeea9605496
1 < Date: Sun, 24 Mar 2024 11:04:45 GMT
1 < Server: Google Frontend
1 < Content-Length: 47
{"errors":{"email":["has already been taken"]}}

16:34:45.673 [main] INFO  com.intuit.karate - karate.env system property was: null 
16:34:45.735 [main] DEBUG com.intuit.karate - request:
1 > POST https://conduit-api.bondaracademy.com/api/users
1 > Authorization: Token eyJhbGciOiJIUzI1NiIsInR5cCI6IkpXVCJ9.eyJ1c2VyIjp7ImlkIjo2Nzl9LCJpYXQiOjE3MTEyNzgyODQsImV4cCI6MTcxNjQ2MjI4NH0.53DWPI0jTgxi7TA5AID3TRaxQRVQc9iQdwz-vd8tEMg
1 > Content-Type: application/json; charset=UTF-8
1 > Content-Length: 75
1 > Host: conduit-api.bondaracademy.com
1 > Connection: Keep-Alive
1 > User-Agent: Apache-HttpClient/4.5.14 (Java/11.0.22)
1 > Accept-Encoding: gzip,deflate
{"user":{"email":"ahfar@test.com","password":"test123","username":"ahfar"}}

16:34:46.107 [main] DEBUG com.intuit.karate - response time in milliseconds: 365
1 < 422
1 < x-powered-by: Express
1 < access-control-allow-origin: https://conduit.bondaracademy.com
1 < vary: Origin
1 < content-type: application/json; charset=utf-8
1 < etag: W/"55-NjrsT9gca4ZDmlQ/ixYZy7cuscc"
1 < X-Cloud-Trace-Context: b521f335b1f41d589a0101015fbe5c8e
1 < Date: Sun, 24 Mar 2024 11:04:45 GMT
1 < Server: Google Frontend
1 < Content-Length: 85
{"errors":{"email":["has already been taken"],"username":["has already been taken"]}}

---------------------------------------------------------
feature: classpath:conduitApp/feature/EmbedandMultiline.feature
scenarios:  3 | passed:  3 | failed:  0 | time: 1.5195
---------------------------------------------------------

16:34:47.356 [main] INFO  com.intuit.karate.Suite - <<pass>> feature 2 of 5 (0 remaining) classpath:conduitApp/feature/EmbedandMultiline.feature
16:34:47.381 [main] DEBUG com.intuit.karate.Suite - waiting for 5 features to complete
Karate version: 1.4.1
======================================================
elapsed:   6.67 | threads:    1 | thread time: 1.52 
features:     1 | skipped:    4 | efficiency: 0.23
scenarios:    3 | passed:     3 | failed: 0
======================================================

HTML report: (paste into browser to view) | Karate version: 1.4.1
file:///C:/BackEnd-Karate%20Project/KarateBK_EndProject/target/karate-reports/karate-summary.html
===================================================================

]]></system-out>
  </testcase>
</testsuite>